\BOOKMARK [1][-]{Doc-Start}{\376\377\000D\000e\000d\000i\000c\000a\000t\000i\000o\000n\000s\000\040\000:}{}% 1
\BOOKMARK [1][-]{Doc-Start}{\376\377\000T\000h\000a\000n\000k\000s\000\040\000:}{}% 2
\BOOKMARK [1][-]{Doc-Start}{\376\377\000S\000u\000m\000m\000a\000r\000y\000\040\000:}{}% 3
\BOOKMARK [1][-]{Doc-Start}{\376\377\000R\000\351\000s\000u\000m\000e\000\040\000:}{}% 4
\BOOKMARK [1][-]{Doc-Start}{\376\377\000\040\006\105\006\104\006\056\006\065\000\040\000:}{}% 5
\BOOKMARK [1][-]{Doc-Start}{\376\377\000A\000c\000r\000o\000n\000y\000m\000s\000\040\000:}{}% 6
\BOOKMARK [1][-]{Doc-Start}{\376\377\000G\000e\000n\000e\000r\000a\000l\000\040\000i\000n\000t\000r\000o\000d\000u\000c\000t\000i\000o\000n}{}% 7
\BOOKMARK [1][-]{Doc-Start}{\376\377\000C\000h\000a\000p\000t\000e\000r\000\040\0001\000\040\000:\000\040\000I\000n\000t\000e\000r\000n\000s\000h\000i\000p\000\040\000E\000n\000v\000i\000r\000o\000n\000m\000e\000n\000t}{}% 8
\BOOKMARK [2][-]{section*.1}{\376\377\000I\000n\000t\000r\000o\000d\000u\000c\000t\000i\000o\000n\000\040\000:}{Doc-Start}% 9
\BOOKMARK [2][-]{section*.1}{\376\377\0001\000\040\000-\000\040\000P\000r\000e\000s\000e\000n\000t\000a\000t\000i\000o\000n\000\040\000o\000f\000\040\000t\000h\000e\000\040\000h\000o\000s\000t\000\040\000o\000r\000g\000a\000n\000i\000z\000a\000t\000i\000o\000n\000:}{Doc-Start}% 10
\BOOKMARK [2][-]{figure.0.1}{\376\377\0002\000\040\000-\000\040\000H\000P\000S\000\040\000H\000i\000s\000t\000o\000r\000y\000\040\000:}{Doc-Start}% 11
\BOOKMARK [2][-]{figure.0.2}{\376\377\0003\000\040\000-\000\040\000M\000a\000i\000n\000\040\000m\000i\000s\000s\000i\000o\000n\000s\000\040\000:}{Doc-Start}% 12
\BOOKMARK [2][-]{figure.0.2}{\376\377\0004\000\040\000-\000\040\000M\000a\000i\000n\000\040\000a\000c\000t\000i\000v\000i\000t\000i\000e\000s\000:}{Doc-Start}% 13
\BOOKMARK [2][-]{figure.0.3}{\376\377\0005\000\040\000-\000\040\000M\000a\000i\000n\000\040\000p\000r\000o\000d\000u\000c\000t\000s\000\040\000:}{Doc-Start}% 14
\BOOKMARK [2][-]{figure.0.3}{\376\377\0006\000\040\000-\000\040\000I\000n\000t\000e\000r\000n\000a\000t\000i\000o\000n\000a\000l\000\040\000p\000r\000e\000s\000e\000n\000c\000e\000\040\000:}{Doc-Start}% 15
\BOOKMARK [2][-]{figure.0.4}{\376\377\0007\000\040\000-\000\040\000C\000o\000m\000p\000a\000n\000y\000\040\000o\000r\000g\000a\000n\000i\000z\000a\000t\000i\000o\000n\000\040\000c\000h\000a\000r\000t\000\040\000:}{Doc-Start}% 16
\BOOKMARK [2][-]{figure.0.6}{\376\377\0008\000\040\000-\000\040\000P\000r\000e\000s\000e\000n\000t\000a\000t\000i\000o\000n\000\040\000o\000f\000\040\000t\000h\000e\000\040\000t\000r\000a\000i\000n\000i\000n\000g\000\040\000:}{Doc-Start}% 17
\BOOKMARK [2][-]{figure.0.7}{\376\377\000C\000o\000n\000c\000l\000u\000s\000i\000o\000n\000\040\000:}{Doc-Start}% 18
\BOOKMARK [1][-]{figure.0.7}{\376\377\000C\000h\000a\000p\000t\000e\000r\000\040\0002\000:\000\040\000G\000e\000n\000e\000r\000a\000l\000\040\000c\000o\000n\000t\000e\000x\000t\000\040\000o\000f\000\040\000t\000h\000e\000\040\000p\000r\000o\000j\000e\000c\000t\000\040\000:}{}% 19
\BOOKMARK [2][-]{section*.2}{\376\377\000I\000n\000t\000r\000o\000d\000u\000c\000t\000i\000o\000n}{figure.0.7}% 20
\BOOKMARK [2][-]{section*.2}{\376\377\0001\000\040\000-\000\040\000F\000u\000n\000d\000a\000m\000e\000n\000t\000a\000l\000\040\000c\000o\000n\000c\000e\000p\000t\000s\000:}{figure.0.7}% 21
\BOOKMARK [3][-]{subsubsubsection.0.0.0.0.1}{\376\377\000a\000\040\040\023\000\040\000C\000i\000s\000\040\000\050\000C\000u\000s\000t\000o\000m\000e\000r\000\040\000S\000p\000e\000c\000i\000f\000i\000c\000a\000t\000i\000o\000n\000\040\000I\000n\000t\000e\000r\000f\000a\000c\000e\000\051\000:}{section*.2}% 22
\BOOKMARK [4][-]{subsubsubsection.0.0.0.0.2}{\376\377\000b\000\040\040\023\000\040\000W\000h\000a\000t\000\040\000i\000s\000\040\000C\000I\000S\000\040\000I\000n\000t\000e\000r\000f\000a\000c\000e\000\040\000?\000\040}{subsubsubsection.0.0.0.0.1}% 23
\BOOKMARK [4][-]{subsubsubsection.0.0.0.0.3}{\376\377\000c\000\040\040\023\000\040\000W\000h\000e\000r\000e\000\040\000c\000a\000n\000\040\000t\000h\000e\000\040\000C\000I\000S\000\040\000i\000n\000t\000e\000r\000f\000a\000c\000e\000\040\000b\000e\000\040\000c\000o\000n\000f\000i\000g\000u\000r\000e\000d\000\040\000?}{subsubsubsection.0.0.0.0.1}% 24
\BOOKMARK [4][-]{subsubsubsection.0.0.0.0.4}{\376\377\000d\000\040\040\023\000\040\000I\000s\000s\000u\000i\000n\000g\000\040\000a\000n\000d\000\040\000a\000c\000q\000u\000i\000r\000i\000n\000g\000:\000\040}{subsubsubsection.0.0.0.0.1}% 25
\BOOKMARK [4][-]{subsubsubsection.0.0.0.0.5}{\376\377\000e\000\040\040\023\000\040\000S\000i\000m\000p\000l\000i\000f\000i\000e\000d\000\040\000f\000l\000o\000w\000\040\000d\000i\000a\000g\000r\000a\000m\000\040\000:}{subsubsubsection.0.0.0.0.1}% 26
\BOOKMARK [4][-]{subsubsubsection.0.0.0.0.6}{\376\377\000f\000\040\040\023\000\040\000W\000h\000a\000t\000\040\000i\000s\000\040\000d\000i\000g\000i\000t\000a\000l\000\040\000b\000a\000n\000k\000i\000n\000g\000\040\000?}{subsubsubsection.0.0.0.0.1}% 27
\BOOKMARK [4][-]{subsubsubsection.0.0.0.0.7}{\376\377\000g\000\040\040\023\000\040\000T\000h\000e\000\040\000m\000a\000i\000n\000\040\000a\000c\000t\000o\000r\000s\000\040\000i\000n\000\040\000t\000h\000e\000\040\000w\000o\000r\000l\000d\000\040\000o\000f\000\040\000d\000i\000g\000i\000t\000a\000l\000\040\000b\000a\000n\000k\000i\000n\000g\000:}{subsubsubsection.0.0.0.0.1}% 28
\BOOKMARK [4][-]{subsubsubsection.0.0.0.0.8}{\376\377\000h\000\040\040\023\000\040\000H\000o\000w\000\040\000a\000\040\000t\000r\000a\000n\000s\000a\000c\000t\000i\000o\000n\000\040\000f\000l\000o\000w\000s\000\040\000:\000\040}{subsubsubsection.0.0.0.0.1}% 29
\BOOKMARK [4][-]{subsubsubsection.0.0.0.0.9}{\376\377\000i\000\040\040\023\000\040\000P\000o\000s\000i\000t\000i\000o\000n\000\040\000o\000f\000\040\000m\000y\000\040\000s\000o\000l\000u\000t\000i\000o\000n\000\040\000i\000n\000\040\000t\000h\000i\000s\000\040\000e\000c\000o\000s\000y\000s\000t\000e\000m\000:}{subsubsubsection.0.0.0.0.1}% 30
\BOOKMARK [4][-]{subsubsubsection.0.0.0.0.10}{\376\377\000j\000\040\040\023\000\040\000T\000h\000e\000\040\000I\000S\000O\000\040\0008\0005\0008\0003\000\040\000p\000r\000o\000t\000o\000c\000o\000l\000:}{subsubsubsection.0.0.0.0.1}% 31
\BOOKMARK [2][-]{figure.0.14}{\376\377\0002\000\040\000-\000\040\000P\000r\000o\000j\000e\000c\000t\000\040\000c\000o\000n\000t\000e\000x\000t\000:}{figure.0.7}% 32
\BOOKMARK [3][-]{subsubsubsection.0.0.0.0.1}{\376\377\000a\000\040\040\023\000\040\000P\000r\000o\000b\000l\000e\000m\000a\000t\000i\000c\000\040\000:\000\040}{figure.0.14}% 33
\BOOKMARK [4][-]{subsubsubsection.0.0.0.0.2}{\376\377\000b\000\040\040\023\000\040\000P\000r\000o\000j\000e\000c\000t\000\040\000o\000b\000j\000e\000c\000t\000i\000v\000e\000:}{subsubsubsection.0.0.0.0.1}% 34
\BOOKMARK [4][-]{subsubsubsection.0.0.0.0.3}{\376\377\000c\000\040\040\023\000\040\000S\000t\000u\000d\000y\000\040\000o\000f\000\040\000t\000h\000e\000\040\000e\000x\000i\000s\000t\000i\000n\000g\000\040\000s\000i\000t\000u\000a\000t\000i\000o\000n\000\040\000:}{subsubsubsection.0.0.0.0.1}% 35
\BOOKMARK [4][-]{subsubsubsection.0.0.0.0.4}{\376\377\000d\000\040\040\023\000\040\000P\000r\000o\000p\000o\000s\000e\000d\000\040\000s\000o\000l\000u\000t\000i\000o\000n\000\040\000:}{subsubsubsection.0.0.0.0.1}% 36
\BOOKMARK [4][-]{subsubsubsection.0.0.0.0.5}{\376\377\000e\000\040\040\023\000\040\000I\000n\000d\000i\000c\000a\000t\000i\000v\000e\000\040\000p\000l\000a\000n\000n\000i\000n\000g\000\040\000:}{subsubsubsection.0.0.0.0.1}% 37
\BOOKMARK [2][-]{figure.0.15}{\376\377\000C\000o\000n\000c\000l\000u\000s\000i\000o\000n\000\040\000:\000\040}{figure.0.7}% 38
\BOOKMARK [1][-]{figure.0.15}{\376\377\000C\000h\000a\000p\000t\000e\000r\000\040\0003\000:\000\040\000P\000r\000o\000j\000e\000c\000t\000\040\000A\000n\000a\000l\000y\000s\000i\000s\000\040\000a\000n\000d\000\040\000D\000e\000s\000i\000g\000n}{}% 39
\BOOKMARK [2][-]{section*.3}{\376\377\000I\000n\000t\000r\000o\000d\000u\000c\000t\000i\000o\000n}{figure.0.15}% 40
\BOOKMARK [2][-]{section*.3}{\376\377\0001\000\040\000-\000\040\000A\000n\000a\000l\000y\000s\000i\000s\000\040\000:}{figure.0.15}% 41
\BOOKMARK [3][-]{subsubsubsection.0.0.0.0.1}{\376\377\000a\000\040\040\023\000\040\000F\000u\000n\000c\000t\000i\000o\000n\000a\000l\000\040\000r\000e\000q\000u\000i\000r\000e\000m\000e\000n\000t\000s\000\040\000:}{section*.3}% 42
\BOOKMARK [4][-]{subsubsubsection.0.0.0.0.2}{\376\377\000b\000\040\040\023\000\040\000N\000o\000n\000\040\000f\000u\000n\000c\000t\000i\000o\000n\000a\000l\000\040\000r\000e\000q\000u\000i\000r\000e\000m\000e\000n\000t\000s\000:}{subsubsubsection.0.0.0.0.1}% 43
\BOOKMARK [4][-]{subsubsubsection.0.0.0.0.3}{\376\377\000c\000\040\040\023\000\040\000U\000s\000e\000\040\000c\000a\000s\000e\000\040\000d\000i\000a\000g\000r\000a\000m\000:}{subsubsubsection.0.0.0.0.1}% 44
\BOOKMARK [4][-]{subsubsubsection.0.0.0.0.4}{\376\377\000d\000\040\040\023\000\040\000S\000e\000q\000u\000e\000n\000c\000e\000\040\000d\000i\000a\000g\000r\000a\000m\000\040\000:}{subsubsubsection.0.0.0.0.1}% 45
\BOOKMARK [4][-]{subsubsubsection.0.0.0.0.5}{\376\377\000e\000\040\040\023\000\040\000A\000c\000t\000i\000v\000i\000t\000y\000\040\000d\000i\000a\000g\000r\000a\000m\000\040\000:}{subsubsubsection.0.0.0.0.1}% 46
\BOOKMARK [4][-]{subsubsubsection.0.0.0.0.6}{\376\377\000f\000\040\040\023\000\040\000C\000h\000a\000n\000n\000e\000l\000\040\000A\000r\000c\000h\000i\000t\000e\000c\000t\000u\000r\000e\000:}{subsubsubsection.0.0.0.0.1}% 47
\BOOKMARK [4][-]{subsubsubsection.0.0.0.0.7}{\376\377\000g\000\040\040\023\000\040\000C\000h\000a\000n\000n\000e\000l\000\040\000c\000o\000n\000n\000e\000c\000t\000\040\000d\000i\000a\000g\000r\000a\000m\000\040\000:}{subsubsubsection.0.0.0.0.1}% 48
\BOOKMARK [4][-]{subsubsubsection.0.0.0.0.8}{\376\377\000h\000\040\040\023\000\040\000C\000h\000a\000n\000n\000e\000l\000\040\000p\000r\000o\000t\000o\000c\000o\000l\000\040\000d\000i\000a\000g\000r\000a\000m}{subsubsubsection.0.0.0.0.1}% 49
\BOOKMARK [2][-]{figure.0.41}{\376\377\000C\000o\000n\000c\000l\000u\000s\000i\000o\000n\000\040\000:}{figure.0.15}% 50
\BOOKMARK [1][-]{figure.0.41}{\376\377\000C\000h\000a\000p\000t\000e\000r\000\040\0004\000:\000\040\000I\000m\000p\000l\000e\000m\000e\000n\000t\000i\000n\000g\000\040\000t\000h\000e\000\040\000S\000o\000l\000u\000t\000i\000o\000n}{}% 51
\BOOKMARK [2][-]{section*.4}{\376\377\000I\000n\000t\000r\000o\000d\000u\000c\000t\000i\000o\000n\000\040\000:}{figure.0.41}% 52
\BOOKMARK [2][-]{figure.0.43}{\376\377\0001\000\040\000-\000\040\000C\000o\000n\000n\000e\000c\000t\000o\000r\000\040\000m\000i\000c\000r\000o\000s\000e\000r\000v\000i\000c\000e\000\040\000i\000m\000p\000l\000e\000m\000e\000n\000t\000a\000t\000i\000o\000n\000:}{figure.0.41}% 53
\BOOKMARK [2][-]{figure.0.44}{\376\377\0002\000\040\000-\000\040\000I\000m\000p\000l\000e\000m\000e\000n\000t\000a\000t\000i\000o\000n\000\040\000o\000f\000\040\000t\000h\000e\000\040\000P\000r\000o\000t\000o\000c\000o\000l\000\040\000m\000i\000c\000r\000o\000s\000e\000r\000v\000i\000c\000e}{figure.0.41}% 54
\BOOKMARK [2][-]{figure.0.45}{\376\377\0003\000\040\000-\000\040\000C\000I\000S\000\040\000S\000D\000K\000\040\000D\000e\000v\000e\000l\000o\000p\000m\000e\000n\000t}{figure.0.41}% 55
\BOOKMARK [2][-]{figure.0.46}{\376\377\0004\000\040\000-\000\040\000I\000n\000t\000e\000g\000r\000a\000t\000i\000o\000n\000\040\000t\000e\000s\000t\000s\000\040\000o\000f\000\040\000m\000i\000g\000r\000a\000t\000e\000d\000\040\000m\000i\000c\000r\000o\000s\000e\000r\000v\000i\000c\000e\000s\000:}{figure.0.41}% 56
\BOOKMARK [2][-]{figure.0.63}{\376\377\000C\000o\000n\000c\000l\000u\000s\000i\000o\000n\000\040\000:}{figure.0.41}% 57
\BOOKMARK [1][-]{figure.0.63}{\376\377\000C\000h\000a\000p\000t\000e\000r\000\040\0005\000:\000\040\000A\000r\000c\000h\000i\000t\000e\000c\000t\000u\000r\000e\000\040\000a\000n\000d\000\040\000t\000e\000c\000h\000n\000o\000l\000o\000g\000i\000e\000s\000\040}{}% 58
\BOOKMARK [2][-]{section*.5}{\376\377\000I\000n\000t\000r\000o\000d\000u\000c\000t\000i\000o\000n\000\040\000:}{figure.0.63}% 59
\BOOKMARK [2][-]{section*.5}{\376\377\0001\000\040\000-\000\040\000F\000u\000n\000c\000t\000i\000o\000n\000a\000l\000\040\000a\000r\000c\000h\000i\000t\000e\000c\000t\000u\000r\000e}{figure.0.63}% 60
\BOOKMARK [2][-]{section*.5}{\376\377\0002\000\040\000-\000\040\000A\000p\000p\000l\000i\000c\000a\000t\000i\000o\000n\000\040\000a\000r\000c\000h\000i\000t\000e\000c\000t\000u\000r\000e\000:\000\040\000f\000r\000o\000m\000\040\000C\000\040\000m\000o\000n\000o\000l\000i\000t\000h\000\040\000t\000o\000\040\000J\000a\000v\000a\000\040\000m\000i\000c\000r\000o\000s\000e\000r\000v\000i\000c\000e\000s\000\040\000:}{figure.0.63}% 61
\BOOKMARK [2][-]{section*.5}{\376\377\0003\000\040\000-\000\040\000M\000a\000i\000n\000\040\000t\000e\000c\000h\000n\000o\000l\000o\000g\000i\000e\000s\000\040\000u\000s\000e\000d\000\040\000:}{figure.0.63}% 62
\BOOKMARK [2][-]{figure.0.75}{\376\377\0004\000\040\000-\000\040\000J\000a\000v\000a\000\040\000v\000s\000\040\000C\000\040\000M\000i\000g\000r\000a\000t\000i\000o\000n}{figure.0.63}% 63
\BOOKMARK [2][-]{figure.0.75}{\376\377\000C\000o\000n\000c\000l\000u\000s\000i\000o\000n\000\040\000:}{figure.0.63}% 64
\BOOKMARK [1][-]{figure.0.75}{\376\377\000G\000e\000n\000e\000r\000a\000l\000\040\000c\000o\000n\000c\000l\000u\000s\000i\000o\000n\000:}{}% 65
\BOOKMARK [1][-]{figure.0.75}{\376\377\000B\000i\000b\000l\000i\000o\000g\000r\000a\000p\000h\000y\000:}{}% 66
