This is XeTeX, Version 3.141592653-2.6-0.999997 (MiKTeX 25.4) (preloaded format=xelatex 2025.6.29)  2 JUL 2025 01:25
entering extended mode
 restricted \write18 enabled.
 file:line:error style messages enabled.
 %&-line parsing enabled.
**"c:/Users/Lenovo/Downloads/thesis repport/main.tex"
(c:/Users/Lenovo/Downloads/thesis repport/main.tex
LaTeX2e <2025-06-01> patch level 1
L3 programming layer <2025-06-09>
(C:\Users\Lenovo\AppData\Local\Programs\MiKTeX\tex/latex/base\report.cls
Document Class: report 2025/01/22 v1.4n Standard LaTeX document class
(C:\Users\Lenovo\AppData\Local\Programs\MiKTeX\tex/latex/base\size12.clo
File: size12.clo 2025/01/22 v1.4n Standard LaTeX file (size option)
)
\c@part=\count271
\c@chapter=\count272
\c@section=\count273
\c@subsection=\count274
\c@subsubsection=\count275
\c@paragraph=\count276
\c@subparagraph=\count277
\c@figure=\count278
\c@table=\count279
\abovecaptionskip=\skip49
\belowcaptionskip=\skip50
\bibindent=\dimen148
)
(C:\Users\Lenovo\AppData\Local\Programs\MiKTeX\tex/latex/geometry\geometry.sty
Package: geometry 2020/01/02 v5.9 Page Geometry

(C:\Users\Lenovo\AppData\Local\Programs\MiKTeX\tex/latex/graphics\keyval.sty
Package: keyval 2022/05/29 v1.15 key=value parser (DPC)
\KV@toks@=\toks17
)
(C:\Users\Lenovo\AppData\Local\Programs\MiKTeX\tex/generic/iftex\ifvtex.sty
Package: ifvtex 2019/10/25 v1.7 ifvtex legacy package. Use iftex instead.

(C:\Users\Lenovo\AppData\Local\Programs\MiKTeX\tex/generic/iftex\iftex.sty
Package: iftex 2024/12/12 v1.0g TeX engine tests
))
\Gm@cnth=\count280
\Gm@cntv=\count281
\c@Gm@tempcnt=\count282
\Gm@bindingoffset=\dimen149
\Gm@wd@mp=\dimen150
\Gm@odd@mp=\dimen151
\Gm@even@mp=\dimen152
\Gm@layoutwidth=\dimen153
\Gm@layoutheight=\dimen154
\Gm@layouthoffset=\dimen155
\Gm@layoutvoffset=\dimen156
\Gm@dimlist=\toks18

(C:\Users\Lenovo\AppData\Local\Programs\MiKTeX\tex/latex/geometry\geometry.cfg)
)
(C:\Users\Lenovo\AppData\Local\Programs\MiKTeX\tex/latex/setspace\setspace.sty
Package: setspace 2022/12/04 v6.7b set line spacing
) (C:\Users\Lenovo\AppData\Local\Programs\MiKTeX\tex/latex/fontspec\fontspec.st
y
(C:\Users\Lenovo\AppData\Local\Programs\MiKTeX\tex/latex/l3packages/xparse\xpar
se.sty
(C:\Users\Lenovo\AppData\Local\Programs\MiKTeX\tex/latex/l3kernel\expl3.sty
Package: expl3 2025-06-09 L3 programming layer (loader) 

(C:\Users\Lenovo\AppData\Local\Programs\MiKTeX\tex/latex/l3backend\l3backend-xe
tex.def
File: l3backend-xetex.def 2025-06-09 L3 backend support: XeTeX
\g__graphics_track_int=\count283
\g__pdfannot_backend_int=\count284
\g__pdfannot_backend_link_int=\count285
))
Package: xparse 2024-08-16 L3 Experimental document command parser
)
Package: fontspec 2024/05/11 v2.9e Font selection for XeLaTeX and LuaLaTeX

(C:\Users\Lenovo\AppData\Local\Programs\MiKTeX\tex/latex/fontspec\fontspec-xete
x.sty
Package: fontspec-xetex 2024/05/11 v2.9e Font selection for XeLaTeX and LuaLaTe
X
\l__fontspec_script_int=\count286
\l__fontspec_language_int=\count287
\l__fontspec_strnum_int=\count288
\l__fontspec_tmp_int=\count289
\l__fontspec_tmpa_int=\count290
\l__fontspec_tmpb_int=\count291
\l__fontspec_tmpc_int=\count292
\l__fontspec_em_int=\count293
\l__fontspec_emdef_int=\count294
\l__fontspec_strong_int=\count295
\l__fontspec_strongdef_int=\count296
\l__fontspec_tmpa_dim=\dimen157
\l__fontspec_tmpb_dim=\dimen158
\l__fontspec_tmpc_dim=\dimen159
 (C:\Users\Lenovo\AppData\Local\Programs\MiKTeX\tex/latex/base\fontenc.sty
Package: fontenc 2024/12/21 v2.1c Standard LaTeX package
)
(C:\Users\Lenovo\AppData\Local\Programs\MiKTeX\tex/latex/fontspec\fontspec.cfg)
))

Package fontspec Info: 
(fontspec)             Font family 'TimesNewRoman(0)' created for font 'Times
(fontspec)             New Roman' with options [Ligatures=TeX].
(fontspec)              
(fontspec)              This font family consists of the following NFSS
(fontspec)             series/shapes:
(fontspec)              
(fontspec)             - 'normal' (m/n) with NFSS spec.: <->"Times New
(fontspec)             Roman/OT:script=latn;language=dflt;mapping=tex-text;"
(fontspec)             - 'small caps'  (m/sc) with NFSS spec.: <->"Times New
(fontspec)             Roman/OT:script=latn;language=dflt;+smcp;mapping=tex-tex
t;"
(fontspec)             - 'bold' (b/n) with NFSS spec.: <->"Times New
(fontspec)             Roman/B/OT:script=latn;language=dflt;mapping=tex-text;"
(fontspec)             - 'bold small caps'  (b/sc) with NFSS spec.: <->"Times
(fontspec)             New
(fontspec)             Roman/B/OT:script=latn;language=dflt;+smcp;mapping=tex-t
ext;"
(fontspec)             - 'italic' (m/it) with NFSS spec.: <->"Times New
(fontspec)             Roman/I/OT:script=latn;language=dflt;mapping=tex-text;"
(fontspec)             - 'italic small caps'  (m/scit) with NFSS spec.:
(fontspec)             <->"Times New
(fontspec)             Roman/I/OT:script=latn;language=dflt;+smcp;mapping=tex-t
ext;"
(fontspec)             - 'bold italic' (b/it) with NFSS spec.: <->"Times New
(fontspec)             Roman/BI/OT:script=latn;language=dflt;mapping=tex-text;"

(fontspec)             - 'bold italic small caps'  (b/scit) with NFSS spec.:
(fontspec)             <->"Times New
(fontspec)             Roman/BI/OT:script=latn;language=dflt;+smcp;mapping=tex-
text;"


(C:\Users\Lenovo\AppData\Local\Programs\MiKTeX\tex/latex/hyperref\hyperref.sty
Package: hyperref 2025-06-21 v7.01n Hypertext links for LaTeX

(C:\Users\Lenovo\AppData\Local\Programs\MiKTeX\tex/latex/kvsetkeys\kvsetkeys.st
y
Package: kvsetkeys 2022-10-05 v1.19 Key value parser (HO)
)
(C:\Users\Lenovo\AppData\Local\Programs\MiKTeX\tex/generic/kvdefinekeys\kvdefin
ekeys.sty
Package: kvdefinekeys 2019-12-19 v1.6 Define keys (HO)
)
(C:\Users\Lenovo\AppData\Local\Programs\MiKTeX\tex/generic/pdfescape\pdfescape.
sty
Package: pdfescape 2019/12/09 v1.15 Implements pdfTeX's escape features (HO)

(C:\Users\Lenovo\AppData\Local\Programs\MiKTeX\tex/generic/ltxcmds\ltxcmds.sty
Package: ltxcmds 2023-12-04 v1.26 LaTeX kernel commands for general use (HO)
)
(C:\Users\Lenovo\AppData\Local\Programs\MiKTeX\tex/generic/pdftexcmds\pdftexcmd
s.sty
Package: pdftexcmds 2020-06-27 v0.33 Utility functions of pdfTeX for LuaTeX (HO
)

(C:\Users\Lenovo\AppData\Local\Programs\MiKTeX\tex/generic/infwarerr\infwarerr.
sty
Package: infwarerr 2019/12/03 v1.5 Providing info/warning/error messages (HO)
)
Package pdftexcmds Info: \pdf@primitive is available.
Package pdftexcmds Info: \pdf@ifprimitive is available.
Package pdftexcmds Info: \pdfdraftmode not found.
))
(C:\Users\Lenovo\AppData\Local\Programs\MiKTeX\tex/latex/hycolor\hycolor.sty
Package: hycolor 2020-01-27 v1.10 Color options for hyperref/bookmark (HO)
)
(C:\Users\Lenovo\AppData\Local\Programs\MiKTeX\tex/latex/hyperref\nameref.sty
Package: nameref 2025-06-21 v2.57 Cross-referencing by name of section

(C:\Users\Lenovo\AppData\Local\Programs\MiKTeX\tex/latex/refcount\refcount.sty
Package: refcount 2019/12/15 v3.6 Data extraction from label references (HO)
)
(C:\Users\Lenovo\AppData\Local\Programs\MiKTeX\tex/generic/gettitlestring\getti
tlestring.sty
Package: gettitlestring 2019/12/15 v1.6 Cleanup title references (HO)

(C:\Users\Lenovo\AppData\Local\Programs\MiKTeX\tex/latex/kvoptions\kvoptions.st
y
Package: kvoptions 2022-06-15 v3.15 Key value format for package options (HO)
))
\c@section@level=\count297
)
(C:\Users\Lenovo\AppData\Local\Programs\MiKTeX\tex/latex/etoolbox\etoolbox.sty
Package: etoolbox 2025/02/11 v2.5l e-TeX tools for LaTeX (JAW)
\etb@tempcnta=\count298
)
(C:\Users\Lenovo\AppData\Local\Programs\MiKTeX\tex/generic/stringenc\stringenc.
sty
Package: stringenc 2019/11/29 v1.12 Convert strings between diff. encodings (HO
)
)
\@linkdim=\dimen160
\Hy@linkcounter=\count299
\Hy@pagecounter=\count300

(C:\Users\Lenovo\AppData\Local\Programs\MiKTeX\tex/latex/hyperref\pd1enc.def
File: pd1enc.def 2025-06-21 v7.01n Hyperref: PDFDocEncoding definition (HO)
)
(C:\Users\Lenovo\AppData\Local\Programs\MiKTeX\tex/generic/intcalc\intcalc.sty
Package: intcalc 2019/12/15 v1.3 Expandable calculations with integers (HO)
)
\Hy@SavedSpaceFactor=\count301
(C:\Users\Lenovo\AppData\Local\Programs\MiKTeX\tex/latex/hyperref\puenc.def
File: puenc.def 2025-06-21 v7.01n Hyperref: PDF Unicode definition (HO)
)
Package hyperref Info: Hyper figures OFF on input line 4181.
Package hyperref Info: Link nesting OFF on input line 4186.
Package hyperref Info: Hyper index ON on input line 4189.
Package hyperref Info: Plain pages OFF on input line 4196.
Package hyperref Info: Backreferencing OFF on input line 4201.
Package hyperref Info: Implicit mode ON; LaTeX internals redefined.
Package hyperref Info: Bookmarks ON on input line 4448.
\c@Hy@tempcnt=\count302

(C:\Users\Lenovo\AppData\Local\Programs\MiKTeX\tex/latex/url\url.sty
\Urlmuskip=\muskip17
Package: url 2013/09/16  ver 3.4  Verb mode for urls, etc.
)
LaTeX Info: Redefining \url on input line 4787.
\XeTeXLinkMargin=\dimen161

(C:\Users\Lenovo\AppData\Local\Programs\MiKTeX\tex/generic/bitset\bitset.sty
Package: bitset 2019/12/09 v1.3 Handle bit-vector datatype (HO)

(C:\Users\Lenovo\AppData\Local\Programs\MiKTeX\tex/generic/bigintcalc\bigintcal
c.sty
Package: bigintcalc 2019/12/15 v1.5 Expandable calculations on big integers (HO
)
))
\Fld@menulength=\count303
\Field@Width=\dimen162
\Fld@charsize=\dimen163
Package hyperref Info: Hyper figures OFF on input line 6066.
Package hyperref Info: Link nesting OFF on input line 6071.
Package hyperref Info: Hyper index ON on input line 6074.
Package hyperref Info: backreferencing OFF on input line 6081.
Package hyperref Info: Link coloring OFF on input line 6086.
Package hyperref Info: Link coloring with OCG OFF on input line 6091.
Package hyperref Info: PDF/A mode OFF on input line 6096.
\Hy@abspage=\count304
\c@Item=\count305
\c@Hfootnote=\count306
)
Package hyperref Info: Driver (autodetected): hxetex.

(C:\Users\Lenovo\AppData\Local\Programs\MiKTeX\tex/latex/hyperref\hxetex.def
File: hxetex.def 2025-06-21 v7.01n Hyperref driver for XeTeX
\pdfm@box=\box53
\c@Hy@AnnotLevel=\count307
\HyField@AnnotCount=\count308
\Fld@listcount=\count309
\c@bookmark@seq@number=\count310

(C:\Users\Lenovo\AppData\Local\Programs\MiKTeX\tex/latex/rerunfilecheck\rerunfi
lecheck.sty
Package: rerunfilecheck 2025-06-21 v1.11 Rerun checks for auxiliary files (HO)

(C:\Users\Lenovo\AppData\Local\Programs\MiKTeX\tex/generic/uniquecounter\unique
counter.sty
Package: uniquecounter 2019/12/15 v1.4 Provide unlimited unique counter (HO)
)
Package uniquecounter Info: New unique counter `rerunfilecheck' on input line 2
84.
)
\Hy@SectionHShift=\skip51
)
(C:\Users\Lenovo\AppData\Local\Programs\MiKTeX\tex/latex/polyglossia\polyglossi
a.sty
Package: polyglossia 2025/05/12 v2.5 Modern multilingual typesetting with XeLaT
eX and LuaLaTeX
\l_xpg_alias_keyvals_int=\count311

(C:\Users\Lenovo\AppData\Local\Programs\MiKTeX\tex/latex/polyglossia\gloss-late
x.ldf
File: gloss-latex.ldf polyglossia: module for default language
))
(C:\Users\Lenovo\AppData\Local\Programs\MiKTeX\tex/latex/polyglossia\gloss-engl
ish.ldf
File: gloss-english.ldf polyglossia: module for English
)

Package polyglossia Info: Default language is english


(C:\Users\Lenovo\AppData\Local\Programs\MiKTeX\tex/latex/polyglossia\gloss-fren
ch.ldf
File: gloss-french.ldf polyglossia: module for French
\french@openbrackets=\XeTeXcharclass1
\french@closebrackets=\XeTeXcharclass2
\french@questionexclamation=\XeTeXcharclass3
\french@punctthin=\XeTeXcharclass4
\french@punctthick=\XeTeXcharclass5
\french@punctguillstart=\XeTeXcharclass6
\french@punctguillend=\XeTeXcharclass7
)
(C:\Users\Lenovo\AppData\Local\Programs\MiKTeX\tex/latex/polyglossia\gloss-arab
ic.ldf
File: gloss-arabic.ldf polyglossia: module for Arabic
 (C:\Users\Lenovo\AppData\Local\Programs\MiKTeX\tex/xelatex/bidi\bidi.sty
Package: bidi 2025/02/02 v25.2.2 (Release Maryam Mirzakhani) Bidirectional type
setting in plain TeX and LaTeX
****************************************************
* 
* bidi package (Bidirectional typesetting in
* plain TeX and LaTeX, using XeTeX engine)
* 
* Description: A convenient interface for
* typesetting bidirectional texts in plain TeX
* and LaTeX. The package includes adaptations
* for use with many other commonly-used packages.
* 
* Copyright (c) 2007--2025 Vafa Khalighi
* Copyright (c) 2018--2020 bidi-tex GitHub organization
* 
* v25.2.2 (Release Maryam Mirzakhani), 2025/02/02
* 
* License: LaTeX Project Public License, version
* 1.3c or higher (your choice)
* 
* Location on CTAN: /macros/xetex/latex/bidi
* 
* Issue tracker: https://github.com/xepersian/bidi/issues
* 
* Discussions: https://github.com/xepersian/bidi/discussions
* 
* Primary author of bidi package: Vafa Khalighi.
* 
****************************************************
(C:\Users\Lenovo\AppData\Local\Programs\MiKTeX\tex/xelatex/bidi\biditools.sty
Package: biditools 2025/02/02 v2.7 Programming tools for bidi package
\@bidi@envbody=\toks19
\@bidi@emptytoks=\toks20
\bidi@poscount=\count312
\bidi@tempcountb=\count313
\bidi@temptoksa=\toks21
\bidi@temptoksb=\toks22
\bidi@dummies=\count314
\bidi@are@these@correct=\toks23
\bidi@toks@lista=\toks24
\bidi@toks@listb=\toks25
\bidi@stack@length=\count315
\bidi@empty@stack=\toks26
\bidi@looprepeat@depth=\count316
)
(C:\Users\Lenovo\AppData\Local\Programs\MiKTeX\tex/latex/zref\zref-abspage.sty
Package: zref-abspage 2025-06-08 v2.36 Module abspage for zref (HO)

(C:\Users\Lenovo\AppData\Local\Programs\MiKTeX\tex/latex/zref\zref-base.sty
Package: zref-base 2025-06-08 v2.36 Module base for zref (HO)

(C:\Users\Lenovo\AppData\Local\Programs\MiKTeX\tex/generic/etexcmds\etexcmds.st
y
Package: etexcmds 2019/12/15 v1.7 Avoid name clashes with e-TeX commands (HO)
) (C:\Users\Lenovo\AppData\Local\Programs\MiKTeX\tex/latex/auxhook\auxhook.sty
Package: auxhook 2019-12-17 v1.6 Hooks for auxiliary files (HO)
)
Package zref Info: New property list: main on input line 767.
Package zref Info: New property: default on input line 768.
Package zref Info: New property: page on input line 769.
)
\c@abspage=\count317
Package zref Info: New property: abspage on input line 67.
)
\@bidi@copyins@=\insert252
\bidi@typesethour=\count318
\bidi@typesetminute=\count319

(C:\Users\Lenovo\AppData\Local\Programs\MiKTeX\tex/xelatex/bidi\latex-xetex-bid
i.def
File: latex-xetex-bidi.def 2025/01/03 v1.5.2 bidi adaptations for `latex.ltx' f
or XeTeX engine
\bidi@n@everypar=\toks27
LaTeX Info: Redefining \centerline on input line 316.
LaTeX Info: Redefining \leftline on input line 325.
LaTeX Info: Redefining \rightline on input line 326.
LaTeX Info: Redefining \underline on input line 334.
\bidi@column@check@number=\count320

(C:\Users\Lenovo\AppData\Local\Programs\MiKTeX\tex/xelatex/bidi\footnote-xetex-
bidi.def
File: footnote-xetex-bidi.def 2024/12/14 v1.3 bidi footnote macros for XeTeX en
gine
\c@footdir@label=\count321
\footdir@toks=\toks28
)
(C:\Users\Lenovo\AppData\Local\Programs\MiKTeX\tex/xelatex/bidi\geometry-xetex-
bidi.def
File: geometry-xetex-bidi.def 2017/01/14 v0.2 bidi adaptations for geometry pac
kage for XeTeX engine
)
(C:\Users\Lenovo\AppData\Local\Programs\MiKTeX\tex/xelatex/bidi\hyperref-xetex-
bidi.def
File: hyperref-xetex-bidi.def 2025/01/05 v1.4 bidi adaptations for hyperref pac
kage for XeTeX engine
))
\bidi@digits=\count322
\bidi@digits@charclass=\XeTeXcharclass8
\bidi@sepmark@charclass=\XeTeXcharclass9
)
(C:\Users\Lenovo\AppData\Local\Programs\MiKTeX\tex/latex/polyglossia\arabicnumb
ers.sty
Package: arabicnumbers 2010/03/18 v0.2 Formatting of Arabic and Farsi digits an
d of Arabic abjad numerals
)
(C:\Users\Lenovo\AppData\Local\Programs\MiKTeX\tex/latex/polyglossia\hijrical.s
ty
Package: hijrical 2010/07/12 v0.2 Islamic calendar
 (C:\Users\Lenovo\AppData\Local\Programs\MiKTeX\tex/latex/tools\calc.sty
Package: calc 2025/03/01 v4.3b Infix arithmetic (KKT,FJ)
\calc@Acount=\count323
\calc@Bcount=\count324
\calc@Adimen=\dimen164
\calc@Bdimen=\dimen165
\calc@Askip=\skip52
\calc@Bskip=\skip53
LaTeX Info: Redefining \setlength on input line 86.
LaTeX Info: Redefining \addtolength on input line 87.
\calc@Ccount=\count325
\calc@Cskip=\skip54
)
(C:\Users\Lenovo\AppData\Local\Programs\MiKTeX\tex/latex/polyglossia\cal-util.d
ef
\c@tmpA=\count326
\c@tmpB=\count327
\c@tmpC=\count328
\c@tmpD=\count329
\c@tmpE=\count330
\c@tmpF=\count331
)
\c@Hijriday=\count332
\c@Hijrimonth=\count333
\c@Hijriyear=\count334
))

Package fontspec Info: 
(fontspec)             Font family 'Amiri(0)' created for font 'Amiri' with
(fontspec)             options [Script=Arabic].
(fontspec)              
(fontspec)              This font family consists of the following NFSS
(fontspec)             series/shapes:
(fontspec)              
(fontspec)             - 'normal' (m/n) with NFSS spec.:
(fontspec)             <->"Amiri/OT:script=arab;language=dflt;"
(fontspec)             - 'bold' (b/n) with NFSS spec.:
(fontspec)             <->"Amiri/B/OT:script=arab;language=dflt;"
(fontspec)             - 'italic' (m/it) with NFSS spec.:
(fontspec)             <->"Amiri/I/OT:script=arab;language=dflt;"
(fontspec)             - 'bold italic' (b/it) with NFSS spec.:
(fontspec)             <->"Amiri/BI/OT:script=arab;language=dflt;"


(C:\Users\Lenovo\AppData\Local\Programs\MiKTeX\tex/latex/titlesec\titlesec.sty
Package: titlesec 2025/01/04 v2.17 Sectioning titles
\ttl@box=\box54
\beforetitleunit=\skip55
\aftertitleunit=\skip56
\ttl@plus=\dimen166
\ttl@minus=\dimen167
\ttl@toksa=\toks29
\titlewidth=\dimen168
\titlewidthlast=\dimen169
\titlewidthfirst=\dimen170
)
(C:\Users\Lenovo\AppData\Local\Programs\MiKTeX\tex/xelatex/bidi\titlesec-xetex-
bidi.def
File: titlesec-xetex-bidi.def 2010/07/25 v0.1 bidi adaptations for titlesec pac
kage for XeTeX engine
)
\c@subsubsubsection=\count335

(C:\Users\Lenovo\AppData\Local\Programs\MiKTeX\tex/latex/graphics\graphicx.sty
Package: graphicx 2024/12/31 v1.2e Enhanced LaTeX Graphics (DPC,SPQR)

(C:\Users\Lenovo\AppData\Local\Programs\MiKTeX\tex/latex/graphics\graphics.sty
Package: graphics 2024/08/06 v1.4g Standard LaTeX Graphics (DPC,SPQR)

(C:\Users\Lenovo\AppData\Local\Programs\MiKTeX\tex/latex/graphics\trig.sty
Package: trig 2023/12/02 v1.11 sin cos tan (DPC)
)
(C:\Users\Lenovo\AppData\Local\Programs\MiKTeX\tex/latex/graphics-cfg\graphics.
cfg
File: graphics.cfg 2016/06/04 v1.11 sample graphics configuration
)
Package graphics Info: Driver file: xetex.def on input line 106.

(C:\Users\Lenovo\AppData\Local\Programs\MiKTeX\tex/latex/graphics-def\xetex.def
File: xetex.def 2022/09/22 v5.0n Graphics/color driver for xetex
))
\Gin@req@height=\dimen171
\Gin@req@width=\dimen172
)
(C:\Users\Lenovo\AppData\Local\Programs\MiKTeX\tex/xelatex/bidi\graphicx-xetex-
bidi.def
File: graphicx-xetex-bidi.def 2017/06/17 v0.5 bidi adaptations for graphicx pac
kage for XeTeX engine
)
(C:\Users\Lenovo\AppData\Local\Programs\MiKTeX\tex/latex/float\float.sty
Package: float 2001/11/08 v1.3d Float enhancements (AL)
\c@float@type=\count336
\float@exts=\toks30
\float@box=\box55
\@float@everytoks=\toks31
\@floatcapt=\box56
)
(C:\Users\Lenovo\AppData\Local\Programs\MiKTeX\tex/xelatex/bidi\float-xetex-bid
i.def
File: float-xetex-bidi.def 2013/04/04 v0.2 bidi adaptations for float package f
or XeTeX engine
) (C:\Users\Lenovo\AppData\Local\Programs\MiKTeX\tex/latex/tools\array.sty
Package: array 2025/06/08 v2.6j Tabular extension package (FMi)
\col@sep=\dimen173
\ar@mcellbox=\box57
\extrarowheight=\dimen174
\NC@list=\toks32
\extratabsurround=\skip57
\backup@length=\skip58
\ar@cellbox=\box58
)
(C:\Users\Lenovo\AppData\Local\Programs\MiKTeX\tex/xelatex/bidi\array-xetex-bid
i.def
File: array-xetex-bidi.def 2024/12/10 v0.5 bidi adaptations for array package f
or XeTeX engine
)
(C:\Users\Lenovo\AppData\Local\Programs\MiKTeX\tex/latex/tools\longtable.sty
Package: longtable 2024-12-18 v4.23 Multi-page Table package (DPC)
\LTleft=\skip59
\LTright=\skip60
\LTpre=\skip61
\LTpost=\skip62
\LTchunksize=\count337
\LTcapwidth=\dimen175
\LT@head=\box59
\LT@firsthead=\box60
\LT@foot=\box61
\LT@lastfoot=\box62
\LT@gbox=\box63
\LT@cols=\count338
\LT@rows=\count339
\c@LT@tables=\count340
\c@LT@chunks=\count341
\LT@p@ftn=\toks33
)
(C:\Users\Lenovo\AppData\Local\Programs\MiKTeX\tex/xelatex/bidi\longtable-xetex
-bidi.def
File: longtable-xetex-bidi.def 2025/01/05 v0.8 bidi adaptations for longtable p
ackage for XeTeX engine
)
(C:\Users\Lenovo\AppData\Local\Programs\MiKTeX\tex/latex/booktabs\booktabs.sty
Package: booktabs 2020/01/12 v1.61803398 Publication quality tables
\heavyrulewidth=\dimen176
\lightrulewidth=\dimen177
\cmidrulewidth=\dimen178
\belowrulesep=\dimen179
\belowbottomsep=\dimen180
\aboverulesep=\dimen181
\abovetopsep=\dimen182
\cmidrulesep=\dimen183
\cmidrulekern=\dimen184
\defaultaddspace=\dimen185
\@cmidla=\count342
\@cmidlb=\count343
\@aboverulesep=\dimen186
\@belowrulesep=\dimen187
\@thisruleclass=\count344
\@lastruleclass=\count345
\@thisrulewidth=\dimen188
) (C:\Users\Lenovo\AppData\Local\Programs\MiKTeX\tex/latex/tocloft\tocloft.sty
Package: tocloft 2017/08/31 v2.3i parameterised ToC, etc., typesetting
Package tocloft Info: The document has chapter divisions on input line 51.
\cftparskip=\skip63
\cftbeforetoctitleskip=\skip64
\cftaftertoctitleskip=\skip65
\cftbeforepartskip=\skip66
\cftpartnumwidth=\skip67
\cftpartindent=\skip68
\cftbeforechapskip=\skip69
\cftchapindent=\skip70
\cftchapnumwidth=\skip71
\cftbeforesecskip=\skip72
\cftsecindent=\skip73
\cftsecnumwidth=\skip74
\cftbeforesubsecskip=\skip75
\cftsubsecindent=\skip76
\cftsubsecnumwidth=\skip77
\cftbeforesubsubsecskip=\skip78
\cftsubsubsecindent=\skip79
\cftsubsubsecnumwidth=\skip80
\cftbeforeparaskip=\skip81
\cftparaindent=\skip82
\cftparanumwidth=\skip83
\cftbeforesubparaskip=\skip84
\cftsubparaindent=\skip85
\cftsubparanumwidth=\skip86
\cftbeforeloftitleskip=\skip87
\cftafterloftitleskip=\skip88
\cftbeforefigskip=\skip89
\cftfigindent=\skip90
\cftfignumwidth=\skip91
\c@lofdepth=\count346
\c@lotdepth=\count347
\cftbeforelottitleskip=\skip92
\cftafterlottitleskip=\skip93
\cftbeforetabskip=\skip94
\cfttabindent=\skip95
\cfttabnumwidth=\skip96
)
(C:\Users\Lenovo\AppData\Local\Programs\MiKTeX\tex/xelatex/bidi\tocloft-xetex-b
idi.def
File: tocloft-xetex-bidi.def 2025/01/03 v0.4 bidi adaptations for tocloft packa
ge for XeTeX engine
) (C:\Users\Lenovo\AppData\Local\Programs\MiKTeX\tex/latex/ulem\ulem.sty
\UL@box=\box64
\UL@hyphenbox=\box65
\UL@skip=\skip97
\UL@hook=\toks34
\UL@height=\dimen189
\UL@pe=\count348
\UL@pixel=\dimen190
\ULC@box=\box66
Package: ulem 2019/11/18
\ULdepth=\dimen191
) (C:\Users\Lenovo\AppData\Local\Programs\MiKTeX\tex/latex/xcolor\xcolor.sty
Package: xcolor 2024/09/29 v3.02 LaTeX color extensions (UK)

(C:\Users\Lenovo\AppData\Local\Programs\MiKTeX\tex/latex/graphics-cfg\color.cfg
File: color.cfg 2016/01/02 v1.6 sample color configuration
)
Package xcolor Info: Driver file: xetex.def on input line 274.

(C:\Users\Lenovo\AppData\Local\Programs\MiKTeX\tex/latex/graphics\mathcolor.ltx
)
Package xcolor Info: Model `cmy' substituted by `cmy0' on input line 1349.
Package xcolor Info: Model `RGB' extended on input line 1365.
Package xcolor Info: Model `HTML' substituted by `rgb' on input line 1367.
Package xcolor Info: Model `Hsb' substituted by `hsb' on input line 1368.
Package xcolor Info: Model `tHsb' substituted by `hsb' on input line 1369.
Package xcolor Info: Model `HSB' substituted by `hsb' on input line 1370.
Package xcolor Info: Model `Gray' substituted by `gray' on input line 1371.
Package xcolor Info: Model `wave' substituted by `hsb' on input line 1372.
)
(C:\Users\Lenovo\AppData\Local\Programs\MiKTeX\tex/xelatex/bidi\xcolor-xetex-bi
di.def
File: xcolor-xetex-bidi.def 2022/06/13 v0.3 bidi adaptations for xcolor package
 for XeTeX engine
LaTeX Info: Redefining \color on input line 48.
)
(C:\Users\Lenovo\AppData\Local\Programs\MiKTeX\tex/xelatex/bidi\report-xetex-bi
di.def
File: report-xetex-bidi.def 2025/02/02 v0.9 bidi adaptations for standard repor
t class for XeTeX engine
)
(C:\Users\Lenovo\AppData\Local\Programs\MiKTeX\tex/xelatex/bidi\float-xetex-bid
i.def
File: float-xetex-bidi.def 2013/04/04 v0.2 bidi adaptations for float package f
or XeTeX engine
) (main.aux)
\openout1 = `main.aux'.

LaTeX Font Info:    Checking defaults for OML/cmm/m/it on input line 71.
LaTeX Font Info:    ... okay on input line 71.
LaTeX Font Info:    Checking defaults for OMS/cmsy/m/n on input line 71.
LaTeX Font Info:    ... okay on input line 71.
LaTeX Font Info:    Checking defaults for OT1/cmr/m/n on input line 71.
LaTeX Font Info:    ... okay on input line 71.
LaTeX Font Info:    Checking defaults for T1/cmr/m/n on input line 71.
LaTeX Font Info:    ... okay on input line 71.
LaTeX Font Info:    Checking defaults for TS1/cmr/m/n on input line 71.
LaTeX Font Info:    ... okay on input line 71.
LaTeX Font Info:    Checking defaults for TU/lmr/m/n on input line 71.
LaTeX Font Info:    ... okay on input line 71.
LaTeX Font Info:    Checking defaults for OMX/cmex/m/n on input line 71.
LaTeX Font Info:    ... okay on input line 71.
LaTeX Font Info:    Checking defaults for U/cmr/m/n on input line 71.
LaTeX Font Info:    ... okay on input line 71.
LaTeX Font Info:    Checking defaults for PD1/pdf/m/n on input line 71.
LaTeX Font Info:    ... okay on input line 71.
LaTeX Font Info:    Checking defaults for PU/pdf/m/n on input line 71.
LaTeX Font Info:    ... okay on input line 71.

*geometry* driver: auto-detecting
*geometry* detected driver: xetex
*geometry* verbose mode - [ preamble ] result:
* driver: xetex
* paper: a4paper
* layout: <same size as paper>
* layoutoffset:(h,v)=(0.0pt,0.0pt)
* modes: 
* h-part:(L,W,R)=(56.9055pt, 483.69687pt, 56.9055pt)
* v-part:(T,H,B)=(71.13188pt, 702.78308pt, 71.13188pt)
* \paperwidth=597.50787pt
* \paperheight=845.04684pt
* \textwidth=483.69687pt
* \textheight=702.78308pt
* \oddsidemargin=-15.36449pt
* \evensidemargin=-15.36449pt
* \topmargin=-38.1381pt
* \headheight=12.0pt
* \headsep=25.0pt
* \topskip=12.0pt
* \footskip=30.0pt
* \marginparwidth=35.0pt
* \marginparsep=10.0pt
* \columnsep=10.0pt
* \skip\footins=10.8pt plus 4.0pt minus 2.0pt
* \hoffset=0.0pt
* \voffset=0.0pt
* \mag=1000
* \@twocolumnfalse
* \@twosidefalse
* \@mparswitchfalse
* \@reversemarginfalse
* (1in=72.27pt=25.4mm, 1cm=28.453pt)


Package fontspec Info: 
(fontspec)             Adjusting the maths setup (use [no-math] to avoid
(fontspec)             this).

\symlegacymaths=\mathgroup4
LaTeX Font Info:    Overwriting symbol font `legacymaths' in version `bold'
(Font)                  OT1/cmr/m/n --> OT1/cmr/bx/n on input line 71.
LaTeX Font Info:    Redeclaring math accent \acute on input line 71.
LaTeX Font Info:    Redeclaring math accent \grave on input line 71.
LaTeX Font Info:    Redeclaring math accent \ddot on input line 71.
LaTeX Font Info:    Redeclaring math accent \tilde on input line 71.
LaTeX Font Info:    Redeclaring math accent \bar on input line 71.
LaTeX Font Info:    Redeclaring math accent \breve on input line 71.
LaTeX Font Info:    Redeclaring math accent \check on input line 71.
LaTeX Font Info:    Redeclaring math accent \hat on input line 71.
LaTeX Font Info:    Redeclaring math accent \dot on input line 71.
LaTeX Font Info:    Redeclaring math accent \mathring on input line 71.
LaTeX Font Info:    Redeclaring math symbol \colon on input line 71.
LaTeX Font Info:    Redeclaring math symbol \Gamma on input line 71.
LaTeX Font Info:    Redeclaring math symbol \Delta on input line 71.
LaTeX Font Info:    Redeclaring math symbol \Theta on input line 71.
LaTeX Font Info:    Redeclaring math symbol \Lambda on input line 71.
LaTeX Font Info:    Redeclaring math symbol \Xi on input line 71.
LaTeX Font Info:    Redeclaring math symbol \Pi on input line 71.
LaTeX Font Info:    Redeclaring math symbol \Sigma on input line 71.
LaTeX Font Info:    Redeclaring math symbol \Upsilon on input line 71.
LaTeX Font Info:    Redeclaring math symbol \Phi on input line 71.
LaTeX Font Info:    Redeclaring math symbol \Psi on input line 71.
LaTeX Font Info:    Redeclaring math symbol \Omega on input line 71.
LaTeX Font Info:    Redeclaring math symbol \mathdollar on input line 71.
LaTeX Font Info:    Redeclaring symbol font `operators' on input line 71.
LaTeX Font Info:    Encoding `OT1' has changed to `TU' for symbol font
(Font)              `operators' in the math version `normal' on input line 71.
LaTeX Font Info:    Overwriting symbol font `operators' in version `normal'
(Font)                  OT1/cmr/m/n --> TU/TimesNewRoman(0)/m/n on input line 7
1.
LaTeX Font Info:    Encoding `OT1' has changed to `TU' for symbol font
(Font)              `operators' in the math version `bold' on input line 71.
LaTeX Font Info:    Overwriting symbol font `operators' in version `bold'
(Font)                  OT1/cmr/bx/n --> TU/TimesNewRoman(0)/m/n on input line 
71.
LaTeX Font Info:    Overwriting symbol font `operators' in version `normal'
(Font)                  TU/TimesNewRoman(0)/m/n --> TU/TimesNewRoman(0)/m/n on 
input line 71.
LaTeX Font Info:    Overwriting math alphabet `\mathit' in version `normal'
(Font)                  OT1/cmr/m/it --> TU/TimesNewRoman(0)/m/it on input line
 71.
LaTeX Font Info:    Overwriting math alphabet `\mathbf' in version `normal'
(Font)                  OT1/cmr/bx/n --> TU/TimesNewRoman(0)/b/n on input line 
71.
LaTeX Font Info:    Overwriting math alphabet `\mathsf' in version `normal'
(Font)                  OT1/cmss/m/n --> TU/lmss/m/n on input line 71.
LaTeX Font Info:    Overwriting math alphabet `\mathtt' in version `normal'
(Font)                  OT1/cmtt/m/n --> TU/lmtt/m/n on input line 71.
LaTeX Font Info:    Overwriting symbol font `operators' in version `bold'
(Font)                  TU/TimesNewRoman(0)/m/n --> TU/TimesNewRoman(0)/b/n on 
input line 71.
LaTeX Font Info:    Overwriting math alphabet `\mathit' in version `bold'
(Font)                  OT1/cmr/bx/it --> TU/TimesNewRoman(0)/b/it on input lin
e 71.
LaTeX Font Info:    Overwriting math alphabet `\mathsf' in version `bold'
(Font)                  OT1/cmss/bx/n --> TU/lmss/b/n on input line 71.
LaTeX Font Info:    Overwriting math alphabet `\mathtt' in version `bold'
(Font)                  OT1/cmtt/m/n --> TU/lmtt/b/n on input line 71.
Package hyperref Info: Link coloring OFF on input line 71.
(main.out) (main.out)
\@outlinefile=\write3
\openout3 = `main.out'.

File: media/image3.png Graphic file (type bmp)
<media/image3.png>


[1

]

[2

]
Overfull \hbox (4.14618pt too wide) in paragraph at lines 109--115
[]\TU/TimesNewRoman(0)/m/n/12 collaboration, availability, and team spirit. A s
pecial thought also goes to Kamal Laaroussi,[]
 []



[3

]

[4

]

[5

]

[6

]
LaTeX Font Info:    External font `cmex10' loaded for size
(Font)              <12> on input line 268.
LaTeX Font Info:    External font `cmex10' loaded for size
(Font)              <8> on input line 268.
LaTeX Font Info:    External font `cmex10' loaded for size
(Font)              <6> on input line 268.


[7

] (main.toc)
\tf@toc=\write4
\openout4 = `main.toc'.



[8

] (main.lof)
\tf@lof=\write5
\openout5 = `main.lof'.



[9

]

[10

]

[11]

Package hyperref Warning: The anchor of a bookmark and its parent's must not
(hyperref)                be the same. Added a new anchor on input line 357.

File: media/infosHPS.png Graphic file (type bmp)
<media/infosHPS.png>


[12

]
File: media/image10.png Graphic file (type bmp)
<media/image10.png>


[13]
File: media/spsHPS.png Graphic file (type bmp)
<media/spsHPS.png>

Overfull \hbox (11.68399pt too wide) in paragraph at lines 418--419
[][]\TU/TimesNewRoman(0)/m/n/12 Solutions: Omnichannel management of electronic
 payments in “on-premise” mode through[]
 []



[14

]
File: media/image23.jpeg Graphic file (type bmp)
<media/image23.jpeg>


[15]
File: media/image24.png Graphic file (type bmp)
<media/image24.png>
File: media/image25.png Graphic file (type bmp)
<media/image25.png>


[16]
File: media/image26.png Graphic file (type bmp)
<media/image26.png>


[17]

[18]

Package hyperref Warning: The anchor of a bookmark and its parent's must not
(hyperref)                be the same. Added a new anchor on input line 509.


Package hyperref Warning: Difference (2) between bookmark levels is greater 
(hyperref)                than one, level fixed on input line 525.

File: media/image27.png Graphic file (type bmp)
<media/image27.png>


[19

]
File: media/image28.png Graphic file (type bmp)
<media/image28.png>


[20]
File: media/image29.jpg Graphic file (type bmp)
<media/image29.jpg>


[21]

[22]
File: media/image30.png Graphic file (type bmp)
<media/image30.png>


[23]

[24]

[25]
File: media/image31.png Graphic file (type bmp)
<media/image31.png>


[26

]
File: media/image32.png Graphic file (type bmp)
<media/image32.png>


[27

]
File: media/image33.png Graphic file (type bmp)
<media/image33.png>


Package hyperref Warning: Difference (2) between bookmark levels is greater 
(hyperref)                than one, level fixed on input line 1134.



[28]
Overfull \hbox (12.06952pt too wide) in paragraph at lines 1146--1155
[][]\TU/TimesNewRoman(0)/m/n/12 The existing C code, processing messages follow
ing the ISO 8583 standard with Mastercard-[]
 []



[29]
Overfull \hbox (11.51794pt too wide) in paragraph at lines 1199--1202
[][]\TU/TimesNewRoman(0)/m/n/12 The PowerCARD Switch Customer Interface Specifi
cations (CIS) channel migration project[]
 []


Overfull \hbox (18.34468pt too wide) in paragraph at lines 1204--1205
[][]\TU/TimesNewRoman(0)/m/it/12 Modernize the technical infrastructure\TU/Time
sNewRoman(0)/m/n/12 : Replacing monolithic C code with a Java/Spring[]
 []



[30]

[31

]
Overfull \hbox (1.99728pt too wide) in paragraph at lines 1330--1334
[]\TU/TimesNewRoman(0)/m/n/12 lowed a progressive and iterative development cyc
le, structured around learning the legacy[]
 []

File: media/image34.png Graphic file (type bmp)
<media/image34.png>


[32]

[33]

Package hyperref Warning: The anchor of a bookmark and its parent's must not
(hyperref)                be the same. Added a new anchor on input line 1398.


Package hyperref Warning: Difference (2) between bookmark levels is greater 
(hyperref)                than one, level fixed on input line 1414.


Overfull \hbox (3.0029pt too wide) in paragraph at lines 1455--1457
[][]\TU/TimesNewRoman(0)/m/it/12 Network Communication\TU/TimesNewRoman(0)/m/n/
12 : Ensure communication with the Mastercard pay-[]
 []



[34

]
Overfull \hbox (4.43924pt too wide) in paragraph at lines 1487--1489
[][]\TU/TimesNewRoman(0)/m/it/12 Channel Metrics Management\TU/TimesNewRoman(0)
/m/n/12 : Collect channel metrics, including response[]
 []



[35]
Overfull \hbox (7.68063pt too wide) in paragraph at lines 1581--1583
[][]\TU/TimesNewRoman(0)/m/n/12 Administration Command Management: Manage admin
istration commands[]
 []



[36]
Overfull \hbox (0.1865pt too wide) in paragraph at lines 1689--1692
[][]\TU/TimesNewRoman(0)/b/n/12 Mastercard Network\TU/TimesNewRoman(0)/m/n/12 :
 the external network that exchanges messages with[]
 []



[37]
File: media/image35.png Graphic file (type bmp)
<media/image35.png>

Overfull \hbox (22.19313pt too wide) in paragraph at lines 1764--1765
 [][][][] 
 []



[38]
File: media/image36.png Graphic file (type bmp)
<media/image36.png>


[39]
Overfull \hbox (6.75311pt too wide) in paragraph at lines 1874--1876
[][]\TU/TimesNewRoman(0)/m/n/12 The PowerCARD Switch consumes this ISO response
 and processes it (validation, database[]
 []



[40]
File: media/image37.png Graphic file (type bmp)
<media/image37.png>

Overfull \hbox (29.77136pt too wide) in paragraph at lines 1885--1886
 [][][][] 
 []



[41

]
File: media/image38.png Graphic file (type bmp)
<media/image38.png>

Overfull \hbox (38.11719pt too wide) in paragraph at lines 1951--1952
 [][][][] 
 []



[42]
File: media/image39.png Graphic file (type bmp)
<media/image39.png>

Overfull \hbox (20.35551pt too wide) in paragraph at lines 2039--2040
 [][][][] 
 []



[43]

[44]
File: media/image40.png Graphic file (type bmp)
<media/image40.png>

Overfull \hbox (19.18358pt too wide) in paragraph at lines 2087--2088
 [][][][] 
 []



[45

]
File: media/image41.png Graphic file (type bmp)
<media/image41.png>

Overfull \hbox (26.48192pt too wide) in paragraph at lines 2141--2142
 [][][][] 
 []



[46]
File: media/image42.png Graphic file (type bmp)
<media/image42.png>


[47]
File: media/image43.png Graphic file (type bmp)
<media/image43.png>


[48]

[49]
File: media/acq-auth-req-activity.png Graphic file (type bmp)
<media/acq-auth-req-activity.png>


[50

]

[51]

[52]
File: media/iss-auth-req-activity.png Graphic file (type bmp)
<media/iss-auth-req-activity.png>


[53

]

[54

]
File: media/acq-rev-auth-req.png Graphic file (type bmp)
<media/acq-rev-auth-req.png>


[55

]

[56

]
File: media/iss-rev-auth-req.png Graphic file (type bmp)
<media/iss-rev-auth-req.png>


[57

]

[58

]
File: media/advice-auth-activity.png Graphic file (type bmp)
<media/advice-auth-activity.png>


[59

]

[60

]
File: media/file-upload-activity.png Graphic file (type bmp)
<media/file-upload-activity.png>


[61

]

[62

]
File: media/image50.png Graphic file (type bmp)
<media/image50.png>

Overfull \hbox (36.28818pt too wide) in paragraph at lines 2455--2456
 [][][][] 
 []



[63

]
File: media/image51.png Graphic file (type bmp)
<media/image51.png>


[64

]
File: media/image52.png Graphic file (type bmp)
<media/image52.png>


[65]
File: media/image53.png Graphic file (type bmp)
<media/image53.png>

Overfull \hbox (10.72133pt too wide) in paragraph at lines 2613--2614
 [][][][] 
 []



[66]
Overfull \hbox (0.18399pt too wide) in paragraph at lines 2624--2626
[][]\TU/TimesNewRoman(0)/m/n/12 This flow describes the processing of an outgoi
ng request (request generated on the Switch[]
 []


Overfull \hbox (2.87149pt too wide) in paragraph at lines 2627--2630
[][]\TU/TimesNewRoman(0)/m/n/12 The authorization message is published by the C
hannel Protocol on the pwc-net-out (multi-[]
 []

File: media/image54.png Graphic file (type bmp)
<media/image54.png>

Overfull \hbox (6.53798pt too wide) in paragraph at lines 2640--2641
 [][][][] 
 []


Overfull \hbox (21.84024pt too wide) in paragraph at lines 2660--2662
[][]\TU/TimesNewRoman(0)/m/n/12 The Channel Connector then retrieves the corres
ponding authorization context from RocksDB. []
 []

File: media/image55.png Graphic file (type bmp)
<media/image55.png>

Overfull \hbox (0.54678pt too wide) in paragraph at lines 2673--2674
 [][][][] 
 []



[67

]
File: media/image56.png Graphic file (type bmp)
<media/image56.png>


[68]
Missing character: There is no ⇄ in font Times New Roman/OT:script=latn;languag
e=dflt;mapping=tex-text;!
File: media/image57.png Graphic file (type bmp)
<media/image57.png>

Overfull \hbox (18.67946pt too wide) in paragraph at lines 2762--2763
 [][][][] 
 []



[69]
File: media/image58.png Graphic file (type bmp)
<media/image58.png>

Overfull \hbox (9.28485pt too wide) in paragraph at lines 2795--2796
 [][][][] 
 []



[70]
File: media/image59.png Graphic file (type bmp)
<media/image59.png>

Overfull \hbox (7.35008pt too wide) in paragraph at lines 2826--2827
 [][][][] 
 []

File: media/image60.png Graphic file (type bmp)
<media/image60.png>

Overfull \hbox (2.52284pt too wide) in paragraph at lines 2855--2856
 [][][][] 
 []



[71]

[72

]

Package hyperref Warning: The anchor of a bookmark and its parent's must not
(hyperref)                be the same. Added a new anchor on input line 2898.

File: media/image61.jpeg Graphic file (type bmp)
<media/image61.jpeg>
File: media/image62.jpg Graphic file (type bmp)
<media/image62.jpg>
File: media/image63.jpg Graphic file (type bmp)
<media/image63.jpg>


[73

]

[74]
File: media/image64.jpg Graphic file (type bmp)
<media/image64.jpg>


[75]

[76]
File: media/image65.jpg Graphic file (type bmp)
<media/image65.jpg>


[77]
File: media/image66.jpeg Graphic file (type bmp)
<media/image66.jpeg>
File: media/image67.jpeg Graphic file (type bmp)
<media/image67.jpeg>


[78]
File: media/image68.jpeg Graphic file (type bmp)
<media/image68.jpeg>


[79]

[80]
File: media/image69.jpeg Graphic file (type bmp)
<media/image69.jpeg>
File: media/image70.jpeg Graphic file (type bmp)
<media/image70.jpeg>
File: media/image71.jpeg Graphic file (type bmp)
<media/image71.jpeg>


[81

]
File: media/image72.jpeg Graphic file (type bmp)
<media/image72.jpeg>
File: media/image73.jpeg Graphic file (type bmp)
<media/image73.jpeg>


[82]
File: media/image74.jpeg Graphic file (type bmp)
<media/image74.jpeg>
File: media/image75.jpeg Graphic file (type bmp)
<media/image75.jpeg>


[83]
File: media/image76.jpeg Graphic file (type bmp)
<media/image76.jpeg>


[84]
File: media/image77.jpeg Graphic file (type bmp)
<media/image77.jpeg>
File: media/image78.jpeg Graphic file (type bmp)
<media/image78.jpeg>


[85]
File: media/image79.jpeg Graphic file (type bmp)
<media/image79.jpeg>
File: media/image80.jpeg Graphic file (type bmp)
<media/image80.jpeg>


[86]
File: media/image81.jpeg Graphic file (type bmp)
<media/image81.jpeg>


[87]
File: media/image82.jpeg Graphic file (type bmp)
<media/image82.jpeg>


[88]
Overfull \hbox (8.6289pt too wide) in paragraph at lines 3286--3289
[]\TU/TimesNewRoman(0)/m/n/12 chronous exchanges, gRPC for secure communication
 with the HSM module, and RocksDB[]
 []



[89]

[90]

Package hyperref Warning: The anchor of a bookmark and its parent's must not
(hyperref)                be the same. Added a new anchor on input line 3329.



[91

]

[92]

[93]
File: media/image83.png Graphic file (type bmp)
<media/image83.png>


[94]
File: media/image84.png Graphic file (type bmp)
<media/image84.png>


[95]
File: media/image85.png Graphic file (type bmp)
<media/image85.png>
File: media/image86.png Graphic file (type bmp)
<media/image86.png>
File: media/image87.png Graphic file (type bmp)
<media/image87.png>


[96

]
File: media/image88.png Graphic file (type bmp)
<media/image88.png>
File: media/image89.png Graphic file (type bmp)
<media/image89.png>


[97]
Overfull \hbox (2.5297pt too wide) in paragraph at lines 3763--3766
[][]\TU/TimesNewRoman(0)/b/n/12 Open Lens \TU/TimesNewRoman(0)/m/n/12 is a ligh
tweight graphical interface for monitoring Kubernetes resources (pods,[]
 []

File: media/image90.png Graphic file (type bmp)
<media/image90.png>
File: media/image91.jpeg Graphic file (type bmp)
<media/image91.jpeg>


[98]
File: media/image92.png Graphic file (type bmp)
<media/image92.png>
File: media/vscode.png Graphic file (type bmp)
<media/vscode.png>


[99]
File: media/image94.png Graphic file (type bmp)
<media/image94.png>
File: media/image95.png Graphic file (type bmp)
<media/image95.png>


[100]
File: media/image96.png Graphic file (type bmp)
<media/image96.png>

Overfull \hbox (6.14198pt too wide) in paragraph at lines 3930--3934
[][]\TU/TimesNewRoman(0)/m/n/12 Elasticsearch: Build powerful search and RAG ap
plications using Elasticsearch[]s vector database,[]
 []



[101

]

[102]

[103]

[104

]
Overfull \hbox (0.31845pt too wide) in paragraph at lines 4100--4103
[][][][]$[][][][][] [] [] [] [][][][] [] [][][][][][] [] [][] [] [][][][][][][]
[][][][][] [] [][][][] [] [][][][][][][] [] [][][][][][][][][] [] [][][][][]$[]
[]\TU/TimesNewRoman(0)/m/n/12 : Spring Boot[]
 []


Overfull \hbox (28.18008pt too wide) in paragraph at lines 4109--4112
[][][][]\TU/TimesNewRoman(0)/m/n/12 https://corporate.visa.com/content/dam/VCOM
/download/corpor[][] [][]ate/media/visanet-technology/visa-[][]
 []


Overfull \hbox (42.0668pt too wide) in paragraph at lines 4112--4115
[][][][]\TU/TimesNewRoman(0)/m/n/12 https://www.scribd.com/document/425952095/d
lscrib-com-vip-[][] [][]system-base-i-technical-specifications-[][]
 []



[105

] (main.aux)
 ***********
LaTeX2e <2025-06-01> patch level 1
L3 programming layer <2025-06-09>
 ***********


LaTeX Warning: Label(s) may have changed. Rerun to get cross-references right.


Package rerunfilecheck Warning: File `main.out' has changed.
(rerunfilecheck)                Rerun to get outlines right
(rerunfilecheck)                or use package `bookmark'.

Package rerunfilecheck Info: Checksums for `main.out':
(rerunfilecheck)             Before: B31C3A2980AAB58EBC6630E2B63EB3A9;6004
(rerunfilecheck)             After:  1F5F86CC9279D4DF5C3129A540C16B5F;13494.
 ) 
Here is how much of TeX's memory you used:
 16627 strings out of 403337
 347252 string characters out of 5462832
 796883 words of memory out of 5000000
 44674 multiletter control sequences out of 15000+600000
 630299 words of font info for 85 fonts, out of 8000000 for 9000
 1348 hyphenation exceptions out of 8191
 84i,10n,93p,1517b,475s stack positions out of 10000i,1000n,20000p,200000b,200000s

Output written on main.pdf (105 pages).
